2026-03-18 16:20:17.700686 | помощ | 
📖 Налични команди:
- Добави клуб <име>
- Покажи всички клубове
- Изтрий клуб <име>
- Добави играч <име> към клуб <име на клуб>
- Изтрий играч <име>
- Покажи всички играчи
- помощ
- изход

2026-03-18 16:20:34.455180 | Добави клуб Локомотив Пловдив | ✅ Клуб 'локомотив пловдив' е добавен.
2026-03-18 16:20:45.580344 | Покажи всички клубове | 📋 Списък с клубове:
- левски
- локомотив пловдив

2026-03-18 16:21:04.644832 | Добави играч Алекс към клуб левски | ❌ Грешка при добавяне на играч.
2026-03-18 16:21:26.468106 | изтрий клуб левскки | 🗑️ Клуб 'левскки' е изтрит (ако е съществувал).
2026-03-25 16:25:07.289357 |  python src/main.py | ❓ Не разбирам командата.
2026-03-25 17:09:16.437883 | ???????????? ???????? Real Madrid | ❓ Не разбирам командата.
2026-03-25 17:09:16.438705 | help | 📋 Достъпни команди:
- добави клуб <име>
- покажи всички клубове
- изтрий клуб <име>
- добави играч <име> в <клуб> позиция <GK|DF|MF|FW> номер <номер>
- покажи играчи на <клуб>
- смени номер на <име> на <номер>
- изтрий играч <име>
- помощ / help
- изход / exit
2026-03-25 17:09:16.439308 | exit | ⚡ Изход от чатбота. До скоро!
2026-03-25 17:09:39.542506 | ???????????? ???????? Real Madrid | ❓ Не разбирам командата.
2026-03-25 17:09:39.543220 | help | 📋 Достъпни команди:
- добави клуб <име>
- покажи всички клубове
- изтрий клуб <име>
- добави играч <име> в <клуб> позиция <GK|DF|MF|FW> номер <номер>
- покажи играчи на <клуб>
- смени номер на <име> на <номер>
- изтрий играч <име>
- помощ / help
- изход / exit
2026-03-25 17:09:39.543766 | exit | ⚡ Изход от чатбота. До скоро!
2026-03-25 17:09:57.815484 | ???????????? ???????? Real Madrid | ❓ Не разбирам командата.
2026-03-25 17:09:57.816162 | help | 📋 Достъпни команди:
- добави клуб <име>
- покажи всички клубове
- изтрий клуб <име>
- добави играч <име> в <клуб> позиция <GK|DF|MF|FW> номер <номер>
- покажи играчи на <клуб>
- смени номер на <име> на <номер>
- изтрий играч <име>
- помощ / help
- изход / exit
2026-03-25 17:09:57.816679 | exit | ⚡ Изход от чатбота. До скоро!
2026-03-25 17:10:32.090028 | add club Liverpool | ❓ Не разбирам командата.
2026-03-25 17:10:32.091203 | list clubs | 📋 Списък с клубове:
- Real Madrid

2026-03-25 17:10:32.091729 | exit | ⚡ Изход от чатбота. До скоро!
