2026-02-26 18:06:21.738937 | помощ | 
📖 Налични команди:
- Добави клуб Левски
- Покажи всички клубове
- Изтрий клуб Левски
- помощ
- изход

2026-02-26 18:06:35.930295 | Добави клуб Левски | ✅ Клуб 'левски' е добавен.
2026-02-26 18:07:51.153437 | помощ | 
📖 Налични команди:
- Добави клуб Левски
- Покажи всички клубове
- Изтрий клуб Левски
- помощ
- изход

2026-02-26 18:07:56.905471 | помощ | 
📖 Налични команди:
- Добави клуб Левски
- Покажи всички клубове
- Изтрий клуб Левски
- помощ
- изход

2026-02-26 18:08:08.970481 | добави клуб ЦСК | ✅ Клуб 'цск' е добавен.
2026-02-26 18:19:20.184747 | помощ | 
📖 Налични команди:
- Добави клуб <име>
- Покажи всички клубове
- Изтрий клуб <име>
- Преименувай клуб <старо име> <ново име>
- Покажи клуб <име>
- Брой клубове
- Добави играч <име> <YYYY-MM-DD> към клуб <име на клуб>
- Изтрий играч <име>
- Покажи всички играчи
- помощ
- изход

2026-02-26 18:19:46.241360 | Добави клуб Левски | ❌ Грешка или клубът вече съществува.
2026-02-26 18:20:08.377268 | Добави клуб Черно Морее | ✅ Клуб 'черно морее' е добавен.
2026-02-26 18:20:43.288399 | Преименувай клуб черно морее черно море | ❓ Не разбирам командата.
2026-02-26 18:20:56.848876 | Преименувай клуб черно морее | ❓ Не разбирам командата.
2026-02-26 18:21:05.808533 | ПРЕИМЕНУВАЙ КЛУБ  | ❓ Не разбирам командата.
2026-02-26 18:21:15.951716 | ПОМОЩ | 
📖 Налични команди:
- Добави клуб <име>
- Покажи всички клубове
- Изтрий клуб <име>
- Преименувай клуб <старо име> <ново име>
- Покажи клуб <име>
- Брой клубове
- Добави играч <име> <YYYY-MM-DD> към клуб <име на клуб>
- Изтрий играч <име>
- Покажи всички играчи
- помощ
- изход

2026-02-26 18:22:52.071544 | помощ | 
📖 Налични команди:
- Добави клуб <име>
- Покажи всички клубове
- Изтрий клуб <име>
- Добави играч <име> <YYYY-MM-DD> към клуб <име на клуб>
- Изтрий играч <име>
- Покажи всички играчи
- помощ
- изход

2026-02-26 18:23:02.631995 | Добави клуб Спартак | ✅ Клуб 'спартак' е добавен.
2026-02-26 18:23:14.016514 | Покажи всички клубове | 📋 Списък с клубове:
- Левски София
- левски
- цск
- черно морее
- спартак

2026-02-26 18:23:35.159911 | изтрий клуб черно морее | 🗑️ Клуб 'черно морее' е изтрит (ако е съществувал).
2026-02-26 18:23:45.542223 | помощ | 
📖 Налични команди:
- Добави клуб <име>
- Покажи всички клубове
- Изтрий клуб <име>
- Добави играч <име> <YYYY-MM-DD> към клуб <име на клуб>
- Изтрий играч <име>
- Покажи всички играчи
- помощ
- изход

2026-02-26 18:23:49.062885 | покажи | ❓ Не разбирам командата.
2026-02-26 18:23:55.712041 | покажи всички клубове | 📋 Списък с клубове:
- Левски София
- левски
- цск
- спартак

2026-02-26 18:24:02.342443 | помош | ❓ Не разбирам командата.
2026-02-26 18:24:10.325788 | помощ | 
📖 Налични команди:
- Добави клуб <име>
- Покажи всички клубове
- Изтрий клуб <име>
- Добави играч <име> <YYYY-MM-DD> към клуб <име на клуб>
- Изтрий играч <име>
- Покажи всички играчи
- помощ
- изход

2026-02-26 18:36:45.345307 | добави играч Йоан 2008-09-24 към клуб спартак | ❌ Грешка при добавяне на играч.
2026-02-26 18:37:24.583991 | изход | 👋 Изход от системата.
2026-02-26 18:37:41.751813 | помощ | 
📖 Налични команди:
- Добави клуб <име>
- Покажи всички клубове
- Изтрий клуб <име>
- Добави играч <име> към клуб <име на клуб>
- Изтрий играч <име>
- Покажи всички играчи
- помощ
- изход

2026-02-26 18:37:49.719007 | Добави клуб Ботев | ✅ Клуб 'ботев' е добавен.
2026-02-26 18:37:56.984233 | Покажи вси1к | ❓ Не разбирам командата.
2026-02-26 18:38:04.545656 | Покажи всички клубове | 📋 Списък с клубове:
- Левски София
- левски
- цск
- спартак
- ботев

2026-02-26 18:38:39.806645 | помощ | 
📖 Налични команди:
- Добави клуб <име>
- Покажи всички клубове
- Изтрий клуб <име>
- Добави играч <име> към клуб <име на клуб>
- Изтрий играч <име>
- Покажи всички играчи
- помощ
- изход

2026-02-26 18:39:09.071777 | добави играч Алекс към клуб Спартак | ❌ Грешка при добавяне на играч.
2026-02-26 18:39:34.830806 | изход | 👋 Изход от системата.
2026-02-26 18:40:23.702382 | помощ | 
📖 Налични команди:
- Добави клуб <име>
- Покажи всички клубове
- Изтрий клуб <име>
- Добави играч <име> към клуб <име на клуб>
- Изтрий играч <име>
- Покажи всички играчи
- помощ
- изход

2026-02-26 18:40:39.824341 | добави играч Йоан към клуб спартак | ❌ Грешка при добавяне на играч.
2026-02-26 18:42:11.597945 | помощ | 
📖 Налични команди:
- Добави клуб <име>
- Покажи всички клубове
- Изтрий клуб <име>
- Добави играч <име> към клуб <име на клуб>
- Изтрий играч <име>
- Покажи всички играчи
- помощ
- изход

2026-02-26 18:42:31.839568 | добави играч Александър към клуб Левски | ❌ Грешка при добавяне на играч.
2026-02-26 18:48:23.991327 | добави клуб Левски | ✅ Клуб 'левски' е добавен.
2026-02-26 18:48:23.993893 | добави играч Александър към клуб Левски | ❌ Грешка при добавяне на играч.
2026-02-26 18:48:23.994545 | покажи всички клубове | 📋 Списък с клубове:
- левски

2026-02-26 18:49:01.428101 | покажи всички играчипомощ | ⚠️ Няма добавени играчи.
2026-02-26 18:49:19.018906 | помощ | 
📖 Налични команди:
- Добави клуб <име>
- Покажи всички клубове
- Изтрий клуб <име>
- Добави играч <име> към клуб <име на клуб>
- Изтрий играч <име>
- Покажи всички играчи
- помощ
- изход

2026-02-26 18:49:41.476215 | добави играч Алекс към клуб Левски | ❌ Грешка при добавяне на играч.
2026-02-26 18:50:23.994515 | помощ | 
📖 Налични команди:
- Добави клуб <име>
- Покажи всички клубове
- Изтрий клуб <име>
- Добави играч <име> към клуб <име на клуб>
- Изтрий играч <име>
- Покажи всички играчи
- помощ
- изход

2026-02-26 18:50:40.835583 | добави играч Алекс към клуб Спартак | ❌ Клуб 'спартак' не е намерен.
2026-02-26 18:50:58.851087 | добави играч Алекс към клуб Левски | ❌ Грешка при добавяне на играч.
